<?xml version="1.0" encoding="UTF-8"?>
<!-- Generated by org.testng.reporters.JUnitReportReporter -->
<testsuite hostname="LTIN293038" failures="0" tests="7" name="automation.commerce.Loginwithvalidcerdientials" time="47.559" errors="0" timestamp="2024-03-05T11:27:53 IST" skipped="0">
  <testcase classname="automation.commerce.Loginwithvalidcerdientials" name="Login" time="6.480"/>
  <testcase classname="automation.commerce.Loginwithvalidcerdientials" name="Login" time="6.496"/>
  <testcase classname="automation.commerce.Loginwithvalidcerdientials" name="Login" time="7.886"/>
  <testcase classname="automation.commerce.Loginwithvalidcerdientials" name="invalidLogin" time="7.028"/>
  <testcase classname="automation.commerce.Loginwithvalidcerdientials" name="invalidLoginWithinvalidemail" time="6.802"/>
  <testcase classname="automation.commerce.Loginwithvalidcerdientials" name="invalidLoginWithinvalidpassword" time="6.468"/>
  <testcase classname="automation.commerce.Loginwithvalidcerdientials" name="withoutprovidingcreditinals" time="6.399"/>
</testsuite> <!-- automation.commerce.Loginwithvalidcerdientials -->
