<?xml version="1.0" encoding="UTF-8"?>
<!-- Generated by org.testng.reporters.JUnitReportReporter -->
<testsuite hostname="LTIN293038" failures="0" tests="4" name="automation.commerce.Register" time="28.789" errors="0" timestamp="2024-03-05T11:27:53 IST" skipped="0">
  <testcase classname="automation.commerce.Register" name="VerifyRegisteringanAccountbyprovidingonlytheMandatoryfields" time="7.257"/>
  <testcase classname="automation.commerce.Register" name="VerifyRegisteringanAccountbyprovidingallthefields" time="8.185"/>
  <testcase classname="automation.commerce.Register" name="VerifyRegisteringanAccountbyprovidingtheexistingaccountdetails" time="6.949"/>
  <testcase classname="automation.commerce.Register" name="withoutprovideing" time="6.398"/>
</testsuite> <!-- automation.commerce.Register -->
